<?xml version="1.0" encoding="UTF-8"?>
<testng-results skipped="0" failed="0" total="1" passed="1">
  <reporter-output>
  </reporter-output>
  <suite name="Default suite" duration-ms="7057" started-at="2016-06-19T14:28:52Z" finished-at="2016-06-19T14:28:59Z">
    <groups>
    </groups>
    <test name="Default test" duration-ms="7057" started-at="2016-06-19T14:28:52Z" finished-at="2016-06-19T14:28:59Z">
      <class name="demo.Testing">
        <test-method status="PASS" signature="loginToGmail()[pri:0, instance:demo.Testing@2066e253]" name="loginToGmail" duration-ms="7024" started-at="2016-06-19T19:58:52Z" finished-at="2016-06-19T19:58:59Z">
          <reporter-output>
          </reporter-output>
        </test-method> <!-- loginToGmail -->
      </class> <!-- demo.Testing -->
    </test> <!-- Default test -->
  </suite> <!-- Default suite -->
</testng-results>
